<?xml version="1.0" encoding="UTF-8"?>
<testsuite xmlns:xsi="http://www.w3.org/2001/XMLSchema-instance" xsi:noNamespaceSchemaLocation="https://maven.apache.org/surefire/maven-surefire-plugin/xsd/surefire-test-report-3.0.xsd" version="3.0" name="TestSuite" time="31.004" tests="1" errors="0" skipped="0" failures="0">
  <properties>
[...]
</properties>
  <testcase name="runScenario[&quot;SC01&quot;, &quot;To check the full flow functionality of SwagLabs order placement&quot;](1)" classname="basePackage.runner.TestRunner" time="19.663">
    <system-out><![CDATA[=========================================On Execution Start=========================================
AppName is : BDD FrameWork
TestNg Suite Name is: Development_Suite
CICD Run is: N
Existing reports will get deleted
Report is generated in G:\Selenium\Framework_Reports\BDD_Framework\Latest_Results\Reports\DetailedReport\\Complete Report.html
Extent Report location initialized . . .
System Info. set in Extent Report
Test Name is: ChromeTest Browser Name is: Chrome
====Browser is CHROME ====
DownloadPath: G:\Selenium\Framework_Reports\BDD_Framework\Latest_Results
Browser Launch using Selenium Manager
LogFile is : G:\Selenium\Framework_Reports\BDD_Framework\Latest_Results\Reports\Logs\TestRunner_ChromeTest_01_14_2024_110110
[INFO ] 2024-01-14 11:01:11.532 - basePackage.utilities.MyLogger:startTest 46==>  

************** Runner Started : TestRunner_ChromeTest**************


@swagLabFullFlow
Scenario Outline: SC01                                        # src/test/java/basePackage/features/SwagLabs/basiFlow.feature:12
[INFO ] 2024-01-14 11:01:11.687 - basePackage.steps.StepDefinitions:startScenario 34==>  
[INFO ] 2024-01-14 11:01:11.688 - basePackage.steps.StepDefinitions:startScenario 35==>  
[INFO ] 2024-01-14 11:01:11.689 - basePackage.steps.StepDefinitions:startScenario 37==>  ******Start Scenario: SC01 [@swagLabFullFlow] : CHROME  35 ******
[INFO ] 2024-01-14 11:01:11.695 - basePackage.steps.StepDefinitions:beforeStep 43==>  
[INFO ] 2024-01-14 11:01:11.696 - basePackage.steps.StepDefinitions:beforeStep 44==>  ======Start Step: User launches the browser with "swagLabs_URL" website : CHROME 35 =====
[INFO ] 2024-01-14 11:01:23.829 - basePackage.steps.ExecutionMethods:userLoadsURL 21==>  Launched URL: https://www.saucedemo.com/
[INFO ] 2024-01-14 11:01:23.964 - basePackage.steps.StepDefinitions:afterStep 54==>  ======End Step: User launches the browser with "swagLabs_URL" website : CHROME 35 =====
[INFO ] 2024-01-14 11:01:23.967 - basePackage.utilities.ExtentReportListener:logResult 138==>  SUCCESS--> User launches the browser with "swagLabs_URL" website
  Given User launches the browser with "swagLabs_URL" website # basePackage.steps.StepDefinitions.user_launches_the_browser_with_website(java.lang.String)
[INFO ] 2024-01-14 11:01:23.971 - basePackage.steps.StepDefinitions:beforeStep 43==>  
[INFO ] 2024-01-14 11:01:23.973 - basePackage.steps.StepDefinitions:beforeStep 44==>  ======Start Step: User login into the swagLabs Portal : CHROME 35 =====
Out of 1 rows, SC01 is present in row number 1
Out of 5 columns, the title LogIn Credentials is present in column number 1
[INFO ] 2024-01-14 11:01:24.579 - basePackage.steps.CommonFunctions:click 582==>  Clicked on Sel_swagLabs_userName using selenium
The attribure key is: UserName
[INFO ] 2024-01-14 11:01:24.941 - basePackage.steps.CommonFunctions:entersValue 725==>  Entered value standard_user in Sel_swagLabs_userName using send keys
[INFO ] 2024-01-14 11:01:25.264 - basePackage.steps.CommonFunctions:click 582==>  Clicked on Sel_swagLabs_passWord using selenium
The attribure key is: Password
[INFO ] 2024-01-14 11:01:25.626 - basePackage.steps.CommonFunctions:entersValue 725==>  Entered value secret_sauce in Sel_swagLabs_passWord using send keys
[INFO ] 2024-01-14 11:01:26.023 - basePackage.steps.CommonFunctions:click 582==>  Clicked on Sel_swagLabs_logInButton using selenium
[INFO ] 2024-01-14 11:01:26.200 - basePackage.steps.StepDefinitions:afterStep 54==>  ======End Step: User login into the swagLabs Portal : CHROME 35 =====
[INFO ] 2024-01-14 11:01:26.203 - basePackage.utilities.ExtentReportListener:logResult 138==>  SUCCESS--> User login into the swagLabs Portal
  And User login into the swagLabs Portal                     # basePackage.steps.StepDefinitions.user_login_into_the_swag_labs_portal()
[INFO ] 2024-01-14 11:01:26.204 - basePackage.steps.StepDefinitions:beforeStep 43==>  
[INFO ] 2024-01-14 11:01:26.205 - basePackage.steps.StepDefinitions:beforeStep 44==>  ======Start Step: User proceeding with an order : CHROME 35 =====
Out of 1 rows, SC01 is present in row number 1
Out of 5 columns, the title Products is present in column number 2
[INFO ] 2024-01-14 11:01:26.565 - basePackage.steps.CommonFunctions:click 582==>  Clicked on Sel_swagLabs_homePage_sortByDD using selenium
The attribure key is: Sortby
[INFO ] 2024-01-14 11:01:27.028 - basePackage.steps.CommonFunctions:clickDynamic 628==>  Clicked dynamically on Sel_sortBy_Option using Selenium
Out of 1 rows, SC01 is present in row number 1
Out of 5 columns, the title Products is present in column number 2
The attribure key is: Total Products
The attribure key is: ProductName1
[INFO ] 2024-01-14 11:01:27.501 - basePackage.steps.CommonFunctions:clickDynamic 628==>  Clicked dynamically on Sel_select_ProductToCart for Sauce Labs Bolt T-Shirt using Selenium
The attribure key is: ProductName2
[INFO ] 2024-01-14 11:01:27.937 - basePackage.steps.CommonFunctions:clickDynamic 628==>  Clicked dynamically on Sel_select_ProductToCart for Sauce Labs Fleece Jacket using Selenium
[INFO ] 2024-01-14 11:01:28.380 - basePackage.steps.CommonFunctions:click 582==>  Clicked on Sel_swagLabs_cartButton using selenium
[INFO ] 2024-01-14 11:01:28.783 - basePackage.steps.CommonFunctions:click 582==>  Clicked on Sel_swagLabs_yourCart_checkOut_button using selenium
Out of 1 rows, SC01 is present in row number 1
Out of 5 columns, the title CheckOut is present in column number 3
The attribure key is: FirstName
[INFO ] 2024-01-14 11:01:29.281 - basePackage.steps.CommonFunctions:entersValue 725==>  Entered value Test in Sel_swagLabs_checkOut_info_firstName using send keys
The attribure key is: LastName
[INFO ] 2024-01-14 11:01:29.686 - basePackage.steps.CommonFunctions:entersValue 725==>  Entered value Automation in Sel_swagLabs_checkOut_info_lastName using send keys
The attribure key is: PostCode
[INFO ] 2024-01-14 11:01:30.035 - basePackage.steps.CommonFunctions:entersValue 725==>  Entered value 632012 in Sel_swagLabs_checkOut_info_postalCode using send keys
[INFO ] 2024-01-14 11:01:30.356 - basePackage.steps.CommonFunctions:click 582==>  Clicked on Sel_swagLabs_checkOut_info_continueBtn using selenium
Out of 1 rows, SC01 is present in row number 1
Out of 5 columns, the title CheckOut is present in column number 3
[INFO ] 2024-01-14 11:01:30.724 - basePackage.steps.CommonFunctions:getText 528==>  Value fetched on Sel_swagLabs_checkOut_overView_totalValue using selenium. And the value is Total: $71.26
Total: $71.26
The current value inside excel is: Total: $71.26
Current writeValue is: Total: $71.26
The updated value is: Total: $71.26
[INFO ] 2024-01-14 11:01:31.114 - basePackage.steps.CommonFunctions:click 582==>  Clicked on Sel_swagLabs_checkOut_overView_finish_button using selenium
[INFO ] 2024-01-14 11:01:31.256 - basePackage.steps.StepDefinitions:afterStep 54==>  ======End Step: User proceeding with an order : CHROME 35 =====
[INFO ] 2024-01-14 11:01:31.256 - basePackage.utilities.ExtentReportListener:logResult 138==>  SUCCESS--> User proceeding with an order
  Then User proceeding with an order                          # basePackage.steps.StepDefinitions.user_proceeding_with_an_order()
[INFO ] 2024-01-14 11:01:31.257 - basePackage.steps.StepDefinitions:closeScenario 74==>  ******End Scenario: SC01 : CHROME  35******
==========Scenario Status PASSED================
]]></system-out>
    <system-err><![CDATA[SLF4J(I): Connected with provider of type [org.slf4j.simple.SimpleServiceProvider]
[main] WARN org.testng.xml.TestNGContentHandler - It is strongly recommended to add "<!DOCTYPE suite SYSTEM "https://testng.org/testng-1.0.dtd" >" at the top of the suite file [G:\Selenium\WorkSpace\CICD\CICD Practice\src\test\resources\TestNG\testng.xml] otherwise TestNG may fail or not work as expected.
]]></system-err>
  </testcase>
</testsuite>