<?xml version="1.0" encoding="UTF-8"?>
<testng-results ignored="0" total="1" passed="1" failed="0" skipped="0">
  <reporter-output>
  </reporter-output>
  <suite started-at="2024-01-14T11:01:07 IST" name="Development_Suite" finished-at="2024-01-14T11:01:32 IST" duration-ms="25380">
    <groups>
      <group name="cucumber">
        <method signature="CustomAbstractTestNGCucumberTest.runScenario(io.cucumber.testng.PickleWrapper,io.cucumber.testng.FeatureWrapper)[pri:0, instance:basePackage.runner.TestRunner@45b4c3a9]" name="runScenario" class="basePackage.runner.CustomAbstractTestNGCucumberTest"/>
      </group> <!-- cucumber -->
    </groups>
    <test started-at="2024-01-14T11:01:07 IST" name="ChromeTest" finished-at="2024-01-14T11:01:32 IST" duration-ms="25380">
      <class name="basePackage.runner.TestRunner">
        <test-method is-config="true" signature="setupBrowser(java.lang.String,java.lang.Integer,java.lang.Integer,java.lang.String)[pri:0, instance:basePackage.runner.TestRunner@45b4c3a9]" started-at="2024-01-14T11:01:07 IST" name="setupBrowser" finished-at="2024-01-14T11:01:10 IST" duration-ms="2988" status="PASS">
          <params>
            <param index="0">
              <value>
                <![CDATA[Chrome]]>
              </value>
            </param>
            <param index="1">
              <value>
                <![CDATA[100]]>
              </value>
            </param>
            <param index="2">
              <value>
                <![CDATA[0]]>
              </value>
            </param>
            <param index="3">
              <value>
                <![CDATA[127.0.0.1:9222]]>
              </value>
            </param>
          </params>
          <reporter-output>
          </reporter-output>
        </test-method> <!-- setupBrowser -->
        <test-method is-config="true" signature="setUpClass(org.testng.ITestContext)[pri:0, instance:basePackage.runner.TestRunner@45b4c3a9]" started-at="2024-01-14T11:01:10 IST" name="setUpClass" finished-at="2024-01-14T11:01:10 IST" duration-ms="431" status="PASS">
          <params>
            <param index="0">
              <value>
                <![CDATA[org.testng.TestRunner@6e9c413e]]>
              </value>
            </param>
          </params>
          <reporter-output>
          </reporter-output>
        </test-method> <!-- setUpClass -->
        <test-method is-config="true" signature="setUpClassLog(org.testng.ITestContext)[pri:0, instance:basePackage.runner.TestRunner@45b4c3a9]" started-at="2024-01-14T11:01:10 IST" name="setUpClassLog" finished-at="2024-01-14T11:01:11 IST" duration-ms="705" status="PASS">
          <params>
            <param index="0">
              <value>
                <![CDATA[org.testng.TestRunner@6e9c413e]]>
              </value>
            </param>
          </params>
          <reporter-output>
          </reporter-output>
        </test-method> <!-- setUpClassLog -->
        <test-method signature="runScenario(io.cucumber.testng.PickleWrapper,io.cucumber.testng.FeatureWrapper)[pri:0, instance:basePackage.runner.TestRunner@45b4c3a9]" started-at="2024-01-14T11:01:11 IST" name="runScenario" description="Runs Cucumber Scenarios" data-provider="scenarios" finished-at="2024-01-14T11:01:31 IST" duration-ms="19662" status="PASS">
          <params>
            <param index="0">
              <value>
                <![CDATA["SC01"]]>
              </value>
            </param>
            <param index="1">
              <value>
                <![CDATA["To check the full flow functionality of SwagLabs order placement"]]>
              </value>
            </param>
          </params>
          <reporter-output>
          </reporter-output>
        </test-method> <!-- runScenario -->
        <test-method is-config="true" signature="tearDownClass()[pri:0, instance:basePackage.runner.TestRunner@45b4c3a9]" started-at="2024-01-14T11:01:31 IST" name="tearDownClass" finished-at="2024-01-14T11:01:32 IST" duration-ms="1365" status="PASS">
          <reporter-output>
          </reporter-output>
        </test-method> <!-- tearDownClass -->
        <test-method is-config="true" signature="endBrowser()[pri:0, instance:basePackage.runner.TestRunner@45b4c3a9]" started-at="2024-01-14T11:01:32 IST" name="endBrowser" finished-at="2024-01-14T11:01:32 IST" duration-ms="186" status="PASS">
          <reporter-output>
          </reporter-output>
        </test-method> <!-- endBrowser -->
      </class> <!-- basePackage.runner.TestRunner -->
    </test> <!-- ChromeTest -->
  </suite> <!-- Development_Suite -->
</testng-results>
